<?xml version="1.0" encoding="UTF-8"?>
<coverage generated="1658738791">
  <project timestamp="1658738791">
    <file name="/home/runner/work/text-value-objects/text-value-objects/src/DatabaseText.php">
      <class name="Apie\TextValueObjects\DatabaseText" namespace="global">
        <metrics complexity="3" methods="3" coveredmethods="2" conditionals="0" coveredconditionals="0" statements="3" coveredstatements="2" elements="6" coveredelements="4"/>
      </class>
      <line num="14" type="method" name="getRegularExpression" visibility="public" complexity="1" crap="1" count="10"/>
      <line num="16" type="stmt" count="10"/>
      <line num="19" type="method" name="convert" visibility="protected" complexity="1" crap="1" count="10"/>
      <line num="21" type="stmt" count="10"/>
      <line num="24" type="method" name="createRandom" visibility="public" complexity="1" crap="2" count="0"/>
      <line num="26" type="stmt" count="0"/>
      <metrics loc="29" ncloc="29" classes="1" methods="3" coveredmethods="2" conditionals="0" coveredconditionals="0" statements="3" coveredstatements="2" elements="6" coveredelements="4"/>
    </file>
    <file name="/home/runner/work/text-value-objects/text-value-objects/src/FirstName.php">
      <class name="Apie\TextValueObjects\FirstName" namespace="global">
        <metrics complexity="3" methods="3" coveredmethods="2" conditionals="0" coveredconditionals="0" statements="3" coveredstatements="2" elements="6" coveredelements="4"/>
      </class>
      <line num="14" type="method" name="getRegularExpression" visibility="public" complexity="1" crap="1" count="12"/>
      <line num="16" type="stmt" count="12"/>
      <line num="19" type="method" name="convert" visibility="protected" complexity="1" crap="1" count="12"/>
      <line num="21" type="stmt" count="12"/>
      <line num="24" type="method" name="createRandom" visibility="public" complexity="1" crap="2" count="0"/>
      <line num="26" type="stmt" count="0"/>
      <metrics loc="29" ncloc="29" classes="1" methods="3" coveredmethods="2" conditionals="0" coveredconditionals="0" statements="3" coveredstatements="2" elements="6" coveredelements="4"/>
    </file>
    <file name="/home/runner/work/text-value-objects/text-value-objects/src/LastName.php">
      <class name="Apie\TextValueObjects\LastName" namespace="global">
        <metrics complexity="3" methods="3" coveredmethods="2" conditionals="0" coveredconditionals="0" statements="3" coveredstatements="2" elements="6" coveredelements="4"/>
      </class>
      <line num="14" type="method" name="getRegularExpression" visibility="public" complexity="1" crap="1" count="14"/>
      <line num="16" type="stmt" count="14"/>
      <line num="19" type="method" name="convert" visibility="protected" complexity="1" crap="1" count="14"/>
      <line num="21" type="stmt" count="14"/>
      <line num="24" type="method" name="createRandom" visibility="public" complexity="1" crap="2" count="0"/>
      <line num="26" type="stmt" count="0"/>
      <metrics loc="29" ncloc="29" classes="1" methods="3" coveredmethods="2" conditionals="0" coveredconditionals="0" statements="3" coveredstatements="2" elements="6" coveredelements="4"/>
    </file>
    <file name="/home/runner/work/text-value-objects/text-value-objects/src/NonEmptyString.php">
      <class name="Apie\TextValueObjects\NonEmptyString" namespace="global">
        <metrics complexity="3" methods="3" coveredmethods="2" conditionals="0" coveredconditionals="0" statements="3" coveredstatements="2" elements="6" coveredelements="4"/>
      </class>
      <line num="14" type="method" name="getRegularExpression" visibility="public" complexity="1" crap="1" count="10"/>
      <line num="16" type="stmt" count="10"/>
      <line num="19" type="method" name="convert" visibility="protected" complexity="1" crap="1" count="10"/>
      <line num="21" type="stmt" count="10"/>
      <line num="24" type="method" name="createRandom" visibility="public" complexity="1" crap="2" count="0"/>
      <line num="26" type="stmt" count="0"/>
      <metrics loc="29" ncloc="29" classes="1" methods="3" coveredmethods="2" conditionals="0" coveredconditionals="0" statements="3" coveredstatements="2" elements="6" coveredelements="4"/>
    </file>
    <file name="/home/runner/work/text-value-objects/text-value-objects/src/SmallDatabaseText.php">
      <class name="Apie\TextValueObjects\SmallDatabaseText" namespace="global">
        <metrics complexity="3" methods="3" coveredmethods="2" conditionals="0" coveredconditionals="0" statements="3" coveredstatements="2" elements="6" coveredelements="4"/>
      </class>
      <line num="14" type="method" name="getRegularExpression" visibility="public" complexity="1" crap="1" count="10"/>
      <line num="16" type="stmt" count="10"/>
      <line num="19" type="method" name="convert" visibility="protected" complexity="1" crap="1" count="10"/>
      <line num="21" type="stmt" count="10"/>
      <line num="24" type="method" name="createRandom" visibility="public" complexity="1" crap="2" count="0"/>
      <line num="26" type="stmt" count="0"/>
      <metrics loc="29" ncloc="29" classes="1" methods="3" coveredmethods="2" conditionals="0" coveredconditionals="0" statements="3" coveredstatements="2" elements="6" coveredelements="4"/>
    </file>
    <file name="/home/runner/work/text-value-objects/text-value-objects/src/StrongPassword.php">
      <class name="Apie\TextValueObjects\StrongPassword" namespace="global">
        <metrics complexity="9" methods="9" coveredmethods="8" conditionals="0" coveredconditionals="0" statements="10" coveredstatements="8" elements="19" coveredelements="16"/>
      </class>
      <line num="13" type="method" name="getMinLength" visibility="public" complexity="1" crap="1" count="8"/>
      <line num="15" type="stmt" count="8"/>
      <line num="18" type="method" name="getMaxLength" visibility="public" complexity="1" crap="1" count="8"/>
      <line num="20" type="stmt" count="8"/>
      <line num="23" type="method" name="getAllowedSpecialCharacters" visibility="public" complexity="1" crap="1" count="8"/>
      <line num="25" type="stmt" count="8"/>
      <line num="28" type="method" name="getMinSpecialCharacters" visibility="public" complexity="1" crap="1" count="8"/>
      <line num="30" type="stmt" count="8"/>
      <line num="33" type="method" name="getMinDigits" visibility="public" complexity="1" crap="1" count="8"/>
      <line num="35" type="stmt" count="8"/>
      <line num="38" type="method" name="getMinLowercase" visibility="public" complexity="1" crap="1" count="8"/>
      <line num="40" type="stmt" count="8"/>
      <line num="43" type="method" name="getMinUppercase" visibility="public" complexity="1" crap="1" count="8"/>
      <line num="45" type="stmt" count="8"/>
      <line num="48" type="method" name="convert" visibility="protected" complexity="1" crap="1" count="8"/>
      <line num="50" type="stmt" count="8"/>
      <line num="53" type="method" name="getOpenapiSchema" visibility="public" complexity="1" crap="2" count="0"/>
      <line num="56" type="stmt" count="0"/>
      <line num="58" type="stmt" count="0"/>
      <metrics loc="62" ncloc="62" classes="1" methods="9" coveredmethods="8" conditionals="0" coveredconditionals="0" statements="10" coveredstatements="8" elements="19" coveredelements="16"/>
    </file>
    <metrics files="6" loc="207" ncloc="207" classes="6" methods="24" coveredmethods="18" conditionals="0" coveredconditionals="0" statements="25" coveredstatements="18" elements="49" coveredelements="36"/>
  </project>
</coverage>
